#
# There is insufficient memory for the Java Runtime Environment to continue.
# Native memory allocation (malloc) failed to allocate 264656 bytes for Chunk::new
# Possible reasons:
#   The system is out of physical RAM or swap space
#   In 32 bit mode, the process size limit was hit
# Possible solutions:
#   Reduce memory load on the system
#   Increase physical memory or swap space
#   Check if swap backing store is full
#   Use 64 bit Java on a 64 bit OS
#   Decrease Java heap size (-Xmx/-Xms)
#   Decrease number of Java threads
#   Decrease Java thread stack sizes (-Xss)
#   Set larger code cache with -XX:ReservedCodeCacheSize=
# This output file may be truncated or incomplete.
#
#  Out of Memory Error (allocation.cpp:323), pid=6416, tid=6188
#
# JRE version: Java(TM) SE Runtime Environment (7.0_55-b13) (build 1.7.0_55-b13)
# Java VM: Java HotSpot(TM) 64-Bit Server VM (24.55-b03 mixed mode windows-amd64 compressed oops)
# Failed to write core dump. Minidumps are not enabled by default on client versions of Windows
#

---------------  T H R E A D  ---------------

Current thread (0x00000000084cd000):  JavaThread "C2 CompilerThread1" daemon [_thread_in_native, id=6188, stack(0x0000000009b40000,0x0000000009c40000)]

Stack: [0x0000000009b40000,0x0000000009c40000]

Current CompileTask:
C2:  11180  555   !         com.android.dx.cf.cst.ConstantPoolParser::parse0 (731 bytes)


---------------  P R O C E S S  ---------------

Java Threads: ( => current thread )
  0x00000000084d3000 JavaThread "Service Thread" daemon [_thread_blocked, id=7288, stack(0x0000000009c40000,0x0000000009d40000)]
=>0x00000000084cd000 JavaThread "C2 CompilerThread1" daemon [_thread_in_native, id=6188, stack(0x0000000009b40000,0x0000000009c40000)]
  0x00000000084c3000 JavaThread "C2 CompilerThread0" daemon [_thread_blocked, id=7964, stack(0x0000000009a40000,0x0000000009b40000)]
  0x00000000084c2000 JavaThread "Attach Listener" daemon [_thread_blocked, id=5464, stack(0x0000000009940000,0x0000000009a40000)]
  0x00000000084bf000 JavaThread "Signal Dispatcher" daemon [_thread_blocked, id=2288, stack(0x0000000009840000,0x0000000009940000)]
  0x000000000848e800 JavaThread "Finalizer" daemon [_thread_blocked, id=8112, stack(0x0000000009740000,0x0000000009840000)]
  0x0000000008483800 JavaThread "Reference Handler" daemon [_thread_blocked, id=6620, stack(0x0000000009640000,0x0000000009740000)]
  0x0000000002530800 JavaThread "main" [_thread_in_Java, id=4036, stack(0x0000000002430000,0x0000000002530000)]

Other Threads:
  0x0000000008480800 VMThread [stack: 0x0000000009540000,0x0000000009640000] [id=4480]
  0x00000000084e1800 WatcherThread [stack: 0x0000000009d40000,0x0000000009e40000] [id=1988]

VM state:not at safepoint (normal execution)

VM Mutex/Monitor currently owned by a thread: None

Heap
 PSYoungGen      total 103936K, used 83829K [0x00000000eaa80000, 0x00000000f1380000, 0x0000000100000000)
  eden space 100352K, 79% used [0x00000000eaa80000,0x00000000ef8e48a8,0x00000000f0c80000)
  from space 3584K, 99% used [0x00000000f1000000,0x00000000f1378ec0,0x00000000f1380000)
  to   space 3584K, 0% used [0x00000000f0c80000,0x00000000f0c80000,0x00000000f1000000)
 ParOldGen       total 64512K, used 21585K [0x00000000c0000000, 0x00000000c3f00000, 0x00000000eaa80000)
  object space 64512K, 33% used [0x00000000c0000000,0x00000000c1514598,0x00000000c3f00000)
 PSPermGen       total 21504K, used 5657K [0x00000000bae00000, 0x00000000bc300000, 0x00000000c0000000)
  object space 21504K, 26% used [0x00000000bae00000,0x00000000bb386738,0x00000000bc300000)

Card table byte_map: [0x00000000056f0000,0x0000000005920000] byte_map_base: 0x0000000005119000

Polling page: 0x00000000007f0000

Code Cache  [0x0000000002630000, 0x00000000028a0000, 0x0000000005630000)
 total_blobs=776 nmethods=542 adapters=186 free_code_cache=46860Kb largest_free_block=47910720

Compilation events (10 events):
Event: 10.887 Thread 0x00000000084c3000 nmethod 550 0x00000000026fa5d0 code [0x00000000026fa720, 0x00000000026fa818]
Event: 10.972 Thread 0x00000000084cd000  551             java.util.TreeMap::get (19 bytes)
Event: 10.975 Thread 0x00000000084cd000 nmethod 551 0x00000000026fa1d0 code [0x00000000026fa320, 0x00000000026fa458]
Event: 10.983 Thread 0x00000000084c3000  552             com.android.dx.rop.cst.CstNat::isCategory2 (2 bytes)
Event: 10.983 Thread 0x00000000084c3000 nmethod 552 0x00000000026f9fd0 code [0x00000000026fa100, 0x00000000026fa158]
Event: 11.010 Thread 0x00000000084cd000  553             com.android.dx.rop.type.Prototype::getParameterFrameTypes (96 bytes)
Event: 11.017 Thread 0x00000000084cd000 nmethod 553 0x00000000026f3c50 code [0x00000000026f3dc0, 0x00000000026f40d8]
Event: 11.026 Thread 0x00000000084c3000  554             com.android.dx.ssa.SsaMethod$1::visitPhiInsn (17 bytes)
Event: 11.028 Thread 0x00000000084c3000 nmethod 554 0x00000000026f9b50 code [0x00000000026f9ca0, 0x00000000026f9d98]
Event: 11.147 Thread 0x00000000084cd000  555   !         com.android.dx.cf.cst.ConstantPoolParser::parse0 (731 bytes)

GC Heap History (8 events):
Event: 5.303 GC heap before
{Heap before GC invocations=1 (full 0):
 PSYoungGen      total 28672K, used 25088K [0x00000000eaa80000, 0x00000000eca00000, 0x0000000100000000)
  eden space 25088K, 100% used [0x00000000eaa80000,0x00000000ec300000,0x00000000ec300000)
  from space 3584K, 0% used [0x00000000ec680000,0x00000000ec680000,0x00000000eca00000)
  to   space 3584K, 0% used [0x00000000ec300000,0x00000000ec300000,0x00000000ec680000)
 ParOldGen       total 64512K, used 0K [0x00000000c0000000, 0x00000000c3f00000, 0x00000000eaa80000)
  object space 64512K, 0% used [0x00000000c0000000,0x00000000c0000000,0x00000000c3f00000)
 PSPermGen       total 21504K, used 5402K [0x00000000bae00000, 0x00000000bc300000, 0x00000000c0000000)
  object space 21504K, 25% used [0x00000000bae00000,0x00000000bb346818,0x00000000bc300000)
Event: 5.412 GC heap after
Heap after GC invocations=1 (full 0):
 PSYoungGen      total 28672K, used 3564K [0x00000000eaa80000, 0x00000000ee280000, 0x0000000100000000)
  eden space 25088K, 0% used [0x00000000eaa80000,0x00000000eaa80000,0x00000000ec300000)
  from space 3584K, 99% used [0x00000000ec300000,0x00000000ec67b0e0,0x00000000ec680000)
  to   space 3584K, 0% used [0x00000000edf00000,0x00000000edf00000,0x00000000ee280000)
 ParOldGen       total 64512K, used 1572K [0x00000000c0000000, 0x00000000c3f00000, 0x00000000eaa80000)
  object space 64512K, 2% used [0x00000000c0000000,0x00000000c01890d0,0x00000000c3f00000)
 PSPermGen       total 21504K, used 5402K [0x00000000bae00000, 0x00000000bc300000, 0x00000000c0000000)
  object space 21504K, 25% used [0x00000000bae00000,0x00000000bb346818,0x00000000bc300000)
}
Event: 7.405 GC heap before
{Heap before GC invocations=2 (full 0):
 PSYoungGen      total 28672K, used 28652K [0x00000000eaa80000, 0x00000000ee280000, 0x0000000100000000)
  eden space 25088K, 100% used [0x00000000eaa80000,0x00000000ec300000,0x00000000ec300000)
  from space 3584K, 99% used [0x00000000ec300000,0x00000000ec67b0e0,0x00000000ec680000)
  to   space 3584K, 0% used [0x00000000edf00000,0x00000000edf00000,0x00000000ee280000)
 ParOldGen       total 64512K, used 1572K [0x00000000c0000000, 0x00000000c3f00000, 0x00000000eaa80000)
  object space 64512K, 2% used [0x00000000c0000000,0x00000000c01890d0,0x00000000c3f00000)
 PSPermGen       total 21504K, used 5535K [0x00000000bae00000, 0x00000000bc300000, 0x00000000c0000000)
  object space 21504K, 25% used [0x00000000bae00000,0x00000000bb367cb8,0x00000000bc300000)
Event: 7.423 GC heap after
Heap after GC invocations=2 (full 0):
 PSYoungGen      total 53760K, used 3560K [0x00000000eaa80000, 0x00000000ee280000, 0x0000000100000000)
  eden space 50176K, 0% used [0x00000000eaa80000,0x00000000eaa80000,0x00000000edb80000)
  from space 3584K, 99% used [0x00000000edf00000,0x00000000ee27a108,0x00000000ee280000)
  to   space 3584K, 0% used [0x00000000edb80000,0x00000000edb80000,0x00000000edf00000)
 ParOldGen       total 64512K, used 5059K [0x00000000c0000000, 0x00000000c3f00000, 0x00000000eaa80000)
  object space 64512K, 7% used [0x00000000c0000000,0x00000000c04f0ed8,0x00000000c3f00000)
 PSPermGen       total 21504K, used 5535K [0x00000000bae00000, 0x00000000bc300000, 0x00000000c0000000)
  object space 21504K, 25% used [0x00000000bae00000,0x00000000bb367cb8,0x00000000bc300000)
}
Event: 8.934 GC heap before
{Heap before GC invocations=3 (full 0):
 PSYoungGen      total 53760K, used 53736K [0x00000000eaa80000, 0x00000000ee280000, 0x0000000100000000)
  eden space 50176K, 100% used [0x00000000eaa80000,0x00000000edb80000,0x00000000edb80000)
  from space 3584K, 99% used [0x00000000edf00000,0x00000000ee27a108,0x00000000ee280000)
  to   space 3584K, 0% used [0x00000000edb80000,0x00000000edb80000,0x00000000edf00000)
 ParOldGen       total 64512K, used 5059K [0x00000000c0000000, 0x00000000c3f00000, 0x00000000eaa80000)
  object space 64512K, 7% used [0x00000000c0000000,0x00000000c04f0ed8,0x00000000c3f00000)
 PSPermGen       total 21504K, used 5589K [0x00000000bae00000, 0x00000000bc300000, 0x00000000c0000000)
  object space 21504K, 25% used [0x00000000bae00000,0x00000000bb3755d0,0x00000000bc300000)
Event: 8.973 GC heap after
Heap after GC invocations=3 (full 0):
 PSYoungGen      total 53760K, used 3554K [0x00000000eaa80000, 0x00000000f1380000, 0x0000000100000000)
  eden space 50176K, 0% used [0x00000000eaa80000,0x00000000eaa80000,0x00000000edb80000)
  from space 3584K, 99% used [0x00000000edb80000,0x00000000edef8ad0,0x00000000edf00000)
  to   space 3584K, 0% used [0x00000000f1000000,0x00000000f1000000,0x00000000f1380000)
 ParOldGen       total 64512K, used 13074K [0x00000000c0000000, 0x00000000c3f00000, 0x00000000eaa80000)
  object space 64512K, 20% used [0x00000000c0000000,0x00000000c0cc4af8,0x00000000c3f00000)
 PSPermGen       total 21504K, used 5589K [0x00000000bae00000, 0x00000000bc300000, 0x00000000c0000000)
  object space 21504K, 25% used [0x00000000bae00000,0x00000000bb3755d0,0x00000000bc300000)
}
Event: 10.011 GC heap before
{Heap before GC invocations=4 (full 0):
 PSYoungGen      total 53760K, used 53730K [0x00000000eaa80000, 0x00000000f1380000, 0x0000000100000000)
  eden space 50176K, 100% used [0x00000000eaa80000,0x00000000edb80000,0x00000000edb80000)
  from space 3584K, 99% used [0x00000000edb80000,0x00000000edef8ad0,0x00000000edf00000)
  to   space 3584K, 0% used [0x00000000f1000000,0x00000000f1000000,0x00000000f1380000)
 ParOldGen       total 64512K, used 13074K [0x00000000c0000000, 0x00000000c3f00000, 0x00000000eaa80000)
  object space 64512K, 20% used [0x00000000c0000000,0x00000000c0cc4af8,0x00000000c3f00000)
 PSPermGen       total 21504K, used 5632K [0x00000000bae00000, 0x00000000bc300000, 0x00000000c0000000)
  object space 21504K, 26% used [0x00000000bae00000,0x00000000bb380278,0x00000000bc300000)
Event: 10.051 GC heap after
Heap after GC invocations=4 (full 0):
 PSYoungGen      total 103936K, used 3555K [0x00000000eaa80000, 0x00000000f1380000, 0x0000000100000000)
  eden space 100352K, 0% used [0x00000000eaa80000,0x00000000eaa80000,0x00000000f0c80000)
  from space 3584K, 99% used [0x00000000f1000000,0x00000000f1378ec0,0x00000000f1380000)
  to   space 3584K, 0% used [0x00000000f0c80000,0x00000000f0c80000,0x00000000f1000000)
 ParOldGen       total 64512K, used 21585K [0x00000000c0000000, 0x00000000c3f00000, 0x00000000eaa80000)
  object space 64512K, 33% used [0x00000000c0000000,0x00000000c1514598,0x00000000c3f00000)
 PSPermGen       total 21504K, used 5632K [0x00000000bae00000, 0x00000000bc300000, 0x00000000c0000000)
  object space 21504K, 26% used [0x00000000bae00000,0x00000000bb380278,0x00000000bc300000)
}

Deoptimization events (10 events):
Event: 9.177 Thread 0x0000000002530800 Uncommon trap: reason=null_check action=make_not_entrant pc=0x0000000002824fa0 method=com.android.dx.dex.file.FieldIdsSection.intern(Lcom/android/dx/rop/cst/CstFieldRef;)Lcom/android/dx/dex/file/FieldIdItem; @ 26
Event: 9.372 Thread 0x0000000002530800 Uncommon trap: reason=null_check action=make_not_entrant pc=0x000000000281c454 method=com.android.dx.cf.code.Ropper$CatchInfo.getSetup(Lcom/android/dx/rop/type/Type;)Lcom/android/dx/cf/code/Ropper$ExceptionHandlerSetup; @ 10
Event: 9.798 Thread 0x0000000002530800 Uncommon trap: reason=bimorphic action=maybe_recompile pc=0x0000000002752b68 method=com.android.dx.cf.code.BytecodeArray.parseInstruction(ILcom/android/dx/cf/code/BytecodeArray$Visitor;)I @ 971
Event: 9.798 Thread 0x0000000002530800 Uncommon trap: reason=bimorphic action=maybe_recompile pc=0x0000000002752be8 method=com.android.dx.cf.code.BytecodeArray.parseInstruction(ILcom/android/dx/cf/code/BytecodeArray$Visitor;)I @ 987
Event: 9.798 Thread 0x0000000002530800 Uncommon trap: reason=bimorphic action=maybe_recompile pc=0x0000000002752b68 method=com.android.dx.cf.code.BytecodeArray.parseInstruction(ILcom/android/dx/cf/code/BytecodeArray$Visitor;)I @ 971
Event: 9.798 Thread 0x0000000002530800 Uncommon trap: reason=bimorphic action=maybe_recompile pc=0x0000000002752be8 method=com.android.dx.cf.code.BytecodeArray.parseInstruction(ILcom/android/dx/cf/code/BytecodeArray$Visitor;)I @ 987
Event: 9.933 Thread 0x0000000002530800 Uncommon trap: reason=unreached action=reinterpret pc=0x0000000002808c38 method=com.android.dx.cf.code.Merger.mergeLocals(Lcom/android/dx/cf/code/OneLocalsArray;Lcom/android/dx/cf/code/OneLocalsArray;)Lcom/android/dx/cf/code/OneLocalsArray; @ 2
Event: 10.067 Thread 0x0000000002530800 Uncommon trap: reason=class_check action=maybe_recompile pc=0x00000000027d67f4 method=com.android.dx.cf.code.RopperMachine.run(Lcom/android/dx/cf/code/Frame;II)V @ 310
Event: 10.067 Thread 0x0000000002530800 Uncommon trap: reason=class_check action=maybe_recompile pc=0x00000000027d67f4 method=com.android.dx.cf.code.RopperMachine.run(Lcom/android/dx/cf/code/Frame;II)V @ 310
Event: 10.379 Thread 0x0000000002530800 Uncommon trap: reason=unloaded action=reinterpret pc=0x0000000002801320 method=com.android.dx.cf.cst.ConstantPoolParser.parse0(ILjava/util/BitSet;)Lcom/android/dx/rop/cst/Constant; @ 220

Internal exceptions (10 events):
Event: 6.250 Thread 0x0000000002530800 Threw 0x00000000eb2231f0 at C:\re\jdk7u55\869\hotspot\src\share\vm\prims\jvm.cpp:1244
Event: 6.252 Thread 0x0000000002530800 Threw 0x00000000eb228a70 at C:\re\jdk7u55\869\hotspot\src\share\vm\prims\jvm.cpp:1244
Event: 6.253 Thread 0x0000000002530800 Threw 0x00000000eb22e068 at C:\re\jdk7u55\869\hotspot\src\share\vm\prims\jvm.cpp:1244
Event: 6.959 Thread 0x0000000002530800 Threw 0x00000000eba927d8 at C:\re\jdk7u55\869\hotspot\src\share\vm\prims\jvm.cpp:1244
Event: 7.529 Thread 0x0000000002530800 Threw 0x00000000eade5a88 at C:\re\jdk7u55\869\hotspot\src\share\vm\prims\jvm.cpp:1244
Event: 8.168 Thread 0x0000000002530800 Threw 0x00000000eb73b3e0 at C:\re\jdk7u55\869\hotspot\src\share\vm\prims\jvm.cpp:1244
Event: 8.501 Thread 0x0000000002530800 Implicit null exception at 0x00000000027f4498 to 0x00000000027f4e19
Event: 8.612 Thread 0x0000000002530800 Threw 0x00000000eca720d8 at C:\re\jdk7u55\869\hotspot\src\share\vm\prims\jvm.cpp:1244
Event: 9.372 Thread 0x0000000002530800 Implicit null exception at 0x000000000281a8cc to 0x000000000281c43d
Event: 10.717 Thread 0x0000000002530800 Threw 0x00000000ed370408 at C:\re\jdk7u55\869\hotspot\src\share\vm\prims\jvm.cpp:1244

Events (10 events):
Event: 10.253 Thread 0x00000000084c3000 flushing nmethod 0x00000000026e73d0
Event: 10.253 Thread 0x00000000084c3000 flushing nmethod 0x00000000026f2450
Event: 10.253 Thread 0x00000000084c3000 flushing nmethod 0x00000000026f9b50
Event: 10.375 Thread 0x00000000084c3000 flushing nmethod 0x000000000274edd0
Event: 10.376 Thread 0x00000000084c3000 flushing nmethod 0x0000000002765d50
Event: 10.379 Thread 0x0000000002530800 Uncommon trap: trap_request=0x000000d2 fr.pc=0x0000000002801320
Event: 10.379 Thread 0x0000000002530800 DEOPT PACKING pc=0x0000000002801320 sp=0x000000000252ec20
Event: 10.379 Thread 0x0000000002530800 DEOPT UNPACKING pc=0x00000000026675a4 sp=0x000000000252ebe0 mode 2
Event: 10.717 loading class 0x00000000084ed960
Event: 10.717 loading class 0x00000000084ed960 done


Dynamic libraries:
0x00007ff7376a0000 - 0x00007ff7376d3000 	C:\Program Files\Java\jdk1.7.0_55\bin\java.exe
0x00007fff5e7c0000 - 0x00007fff5e96a000 	C:\Windows\SYSTEM32\ntdll.dll
0x00007fff5cee0000 - 0x00007fff5d01a000 	C:\Windows\system32\KERNEL32.DLL
0x00007fff5ad70000 - 0x00007fff5ae7f000 	C:\Windows\system32\KERNELBASE.dll
0x00007fff595f0000 - 0x00007fff59678000 	C:\Windows\system32\apphelp.dll
0x00007fff49ed0000 - 0x00007fff49f1f000 	C:\Windows\AppPatch\AppPatch64\AcGenral.DLL
0x00007fff5d350000 - 0x00007fff5d3f7000 	C:\Windows\system32\msvcrt.dll
0x00007fff5a720000 - 0x00007fff5a74b000 	C:\Windows\SYSTEM32\SspiCli.dll
0x00007fff5ae80000 - 0x00007fff5aed1000 	C:\Windows\system32\SHLWAPI.dll
0x00007fff5b170000 - 0x00007fff5b2e1000 	C:\Windows\system32\USER32.dll
0x00007fff5b7f0000 - 0x00007fff5b968000 	C:\Windows\system32\ole32.dll
0x00007fff5bac0000 - 0x00007fff5ced7000 	C:\Windows\system32\SHELL32.dll
0x00007fff59f50000 - 0x00007fff59f6e000 	C:\Windows\SYSTEM32\USERENV.dll
0x00007fff5d180000 - 0x00007fff5d225000 	C:\Windows\system32\ADVAPI32.dll
0x00007fff51990000 - 0x00007fff519ab000 	C:\Windows\SYSTEM32\MPR.dll
0x00007fff5aef0000 - 0x00007fff5b026000 	C:\Windows\system32\RPCRT4.dll
0x00007fff5b400000 - 0x00007fff5b457000 	C:\Windows\SYSTEM32\sechost.dll
0x00007fff5b460000 - 0x00007fff5b636000 	C:\Windows\SYSTEM32\combase.dll
0x00007fff5b970000 - 0x00007fff5bab5000 	C:\Windows\system32\GDI32.dll
0x00007fff5a970000 - 0x00007fff5a984000 	C:\Windows\SYSTEM32\profapi.dll
0x00007fff59020000 - 0x00007fff590bf000 	C:\Windows\SYSTEM32\SHCORE.dll
0x00007fff5d140000 - 0x00007fff5d174000 	C:\Windows\system32\IMM32.DLL
0x00007fff5b030000 - 0x00007fff5b169000 	C:\Windows\system32\MSCTF.dll
0x00007fff5a930000 - 0x00007fff5a95f000 	C:\Windows\system32\nvinitx.dll
0x000000000f000000 - 0x000000000f006000 	C:\Program Files\NVIDIA Corporation\CoProcManager\detoured.dll
0x00007fff58a30000 - 0x00007fff58a8f000 	C:\Program Files\NVIDIA Corporation\CoProcManager\nvd3d9wrapx.dll
0x00007fff5d420000 - 0x00007fff5d5f4000 	C:\Windows\system32\SETUPAPI.dll
0x00007fff5ad20000 - 0x00007fff5ad6a000 	C:\Windows\system32\CFGMGR32.dll
0x00007fff589e0000 - 0x00007fff58a26000 	C:\Program Files\NVIDIA Corporation\CoProcManager\nvdxgiwrapx.dll
0x00007fff58bf0000 - 0x00007fff58e4a000 	C:\Windows\WinSxS\amd64_microsoft.windows.common-controls_6595b64144ccf1df_6.0.9600.17031_none_6242a4b3ecbb55a1\COMCTL32.dll
0x0000000052390000 - 0x0000000052462000 	C:\Program Files\Java\jdk1.7.0_55\jre\bin\msvcr100.dll
0x00000000529d0000 - 0x0000000053199000 	C:\Program Files\Java\jdk1.7.0_55\jre\bin\server\jvm.dll
0x00007fff54b60000 - 0x00007fff54b69000 	C:\Windows\SYSTEM32\WSOCK32.dll
0x00007fff56140000 - 0x00007fff5615f000 	C:\Windows\SYSTEM32\WINMM.dll
0x00007fff5aee0000 - 0x00007fff5aee7000 	C:\Windows\system32\PSAPI.DLL
0x00007fff5b3a0000 - 0x00007fff5b3f8000 	C:\Windows\system32\WS2_32.dll
0x00007fff56100000 - 0x00007fff5612a000 	C:\Windows\SYSTEM32\WINMMBASE.dll
0x00007fff5b640000 - 0x00007fff5b649000 	C:\Windows\system32\NSI.dll
0x00007fff596a0000 - 0x00007fff596c6000 	C:\Windows\SYSTEM32\DEVOBJ.dll
0x00000000528e0000 - 0x00000000528ef000 	C:\Program Files\Java\jdk1.7.0_55\jre\bin\verify.dll
0x00000000528b0000 - 0x00000000528d8000 	C:\Program Files\Java\jdk1.7.0_55\jre\bin\java.dll
0x0000000052890000 - 0x00000000528a5000 	C:\Program Files\Java\jdk1.7.0_55\jre\bin\zip.dll
0x0000000052870000 - 0x0000000052889000 	C:\Program Files\Java\jdk1.7.0_55\jre\bin\net.dll
0x00007fff5a1a0000 - 0x00007fff5a1f8000 	C:\Windows\system32\mswsock.dll
0x0000000052850000 - 0x0000000052861000 	C:\Program Files\Java\jdk1.7.0_55\jre\bin\nio.dll

VM Arguments:
jvm_args: -Xmx1024M -Dfile.encoding=windows-1252 -Duser.country=US -Duser.language=en -Duser.variant 
java_command: com.android.dx.command.Main --dex --output D:\Fruity\HiCom\PT-MultiLeagues-SS15161\app\build\intermediates\pre-dexed\debug\classes-7055185980ab1d2fefd1e2e74729518b16c19f6c.jar D:\Fruity\HiCom\PT-MultiLeagues-SS15161\app\build\intermediates\exploded-aar\com.android.support\appcompat-v7\21.0.3\jars\classes.jar
Launcher Type: SUN_STANDARD

Environment Variables:
JAVA_HOME=C:\Program Files\Java\jdk1.7.0_55
PATH=C:\Windows\system32;C:\Windows;C:\Windows\System32\Wbem;C:\Windows\System32\WindowsPowerShell\v1.0\;C:\Program Files (x86)\Intel\OpenCL SDK\2.0\bin\x86;C:\Program Files (x86)\Intel\OpenCL SDK\2.0\bin\x64;D:\adt-bundle-windows-x86_64-20140321\sdk\platform-tools\;D:\android\Tool\gradle-1.12\bin;C:\Program Files\TortoiseSVN\bin;C:\OpenSSH\bin;C:\Program Files (x86)\Skype\Phone\
USERNAME=Trang
OS=Windows_NT
PROCESSOR_IDENTIFIER=Intel64 Family 6 Model 42 Stepping 7, GenuineIntel



---------------  S Y S T E M  ---------------

OS: Windows 8.1 , 64 bit Build 9600 

CPU:total 4 (2 cores per cpu, 2 threads per core) family 6 model 42 stepping 7, cmov, cx8, fxsr, mmx, sse, sse2, sse3, ssse3, sse4.1, sse4.2, popcnt, avx, aes, ht, tsc, tscinvbit

Memory: 4k page, physical 6196400k(919500k free), swap 9342128k(5084k free)

vm_info: Java HotSpot(TM) 64-Bit Server VM (24.55-b03) for windows-amd64 JRE (1.7.0_55-b13), built on Mar 17 2014 19:45:30 by "java_re" with unknown MS VC++:1600

time: Sat Aug 22 15:42:59 2015
elapsed time: 11 seconds

